./includes/rpg.h:458: MINOR:C-L3
./includes/rpg.h:461: MINOR:C-L3
./src/main.c:15: MINOR:C-F8
./src/main.c:17: MINOR:C-F8
./src/main.c:32: MAJOR:C-F4
./src/main.c:33: MAJOR:C-F4
./src/shader/check_shader.c:13: MAJOR:C-F3
./src/shader/check_shader.c:24: MAJOR:C-F3
./src/shader/check_shader.c:37: MAJOR:C-F3
./src/shader/check_shader.c:72: MAJOR:C-F3
./src/shader/check_shader.c:72: MINOR:C-L2
./src/shader/check_shader.c:73: MINOR:C-F8
./src/shader/check_shader.c:73: MINOR:C-G7
./src/shader/check_shader.c:74: MAJOR:C-F3
./src/shader/check_shader.c:74: MINOR:C-F8
./src/shader/check_shader.c:75: MAJOR:C-F3
./src/shader/check_shader.c:75: MINOR:C-F8
./src/shader/check_shader.c:76: MINOR:C-F8
./src/shader/check_shader.c:76: MINOR:C-G7
./src/shader/check_shader.c:77: MAJOR:C-F3
./src/shader/check_shader.c:78: MAJOR:C-F3
./src/shader/check_shader.c:79: MAJOR:C-F3
./src/shader/check_shader.c:80: MINOR:C-F8
./src/shader/check_shader.c:81: MAJOR:C-F3
./src/shader/check_shader.c:81: MINOR:C-F8
./src/shader/check_shader.c:83: MAJOR:C-F3
./src/shader/check_shader.c:86: MAJOR:C-F4
./src/shader/check_shader.c:87: MAJOR:C-F4
./src/shader/check_shader.c:88: MAJOR:C-F4
./src/shader/check_torch.c:15: MAJOR:C-F3
